[debug] [2019-02-11T07:54:17.068Z] ----------------------------------------------------------------------
[debug] [2019-02-11T07:54:17.072Z] Command:       C:\Program Files\nodejs\node.exe C:\Users\Lenovo\AppData\Roaming\npm\node_modules\firebase-tools\lib\bin\firebase.js serve
[debug] [2019-02-11T07:54:17.073Z] CLI Version:   6.3.0
[debug] [2019-02-11T07:54:17.073Z] Platform:      win32
[debug] [2019-02-11T07:54:17.073Z] Node Version:  v10.15.0
[debug] [2019-02-11T07:54:17.075Z] Time:          Mon Feb 11 2019 09:54:17 GMT+0200 (GMT+02:00)
[debug] [2019-02-11T07:54:17.075Z] ----------------------------------------------------------------------
[debug] 
[debug] [2019-02-11T07:54:17.105Z] > command requires scopes: ["email","openid","https://www.googleapis.com/auth/cloudplatformprojects.readonly","https://www.googleapis.com/auth/firebase","https://www.googleapis.com/auth/cloud-platform"]
[debug] [2019-02-11T07:54:17.106Z] > authorizing via signed-in user
[debug] [2019-02-11T07:54:17.107Z] [iam] checking project synthesistalyaron for permissions ["firebase.projects.get"]
[debug] [2019-02-11T07:54:17.112Z] >>> HTTP REQUEST POST https://cloudresourcemanager.googleapis.com/v1/projects/synthesistalyaron:testIamPermissions  

[debug] [2019-02-11T07:54:18.215Z] <<< HTTP RESPONSE 200
[debug] [2019-02-11T07:54:18.217Z] >>> HTTP REQUEST GET https://cloudresourcemanager.googleapis.com/v1/projects/synthesistalyaron  
 
[debug] [2019-02-11T07:54:19.219Z] <<< HTTP RESPONSE 200
[info] 
[info] === Serving from 'C:\Users\Lenovo\Documents\delib\delib\delib-v3'...
[info] 
[info] i  functions: Preparing to emulate functions.
[debug] [2019-02-11T07:54:20.753Z] Fetching environment
[debug] [2019-02-11T07:54:20.758Z] >>> HTTP REQUEST GET https://mobilesdk-pa.googleapis.com/v1/projects/799655218679:getServerAppConfig  
 
[debug] [2019-02-11T07:54:20.759Z] >>> HTTP REQUEST GET https://mobilesdk-pa.googleapis.com/v1/projects/799655218679/clients/_:getWebAppConfig  
 
[debug] [2019-02-11T07:54:21.262Z] <<< HTTP RESPONSE 200
[debug] [2019-02-11T07:54:21.262Z] Starting @google-cloud/functions-emulator
[debug] [2019-02-11T07:54:21.384Z] <<< HTTP RESPONSE 200
[info] i  hosting: Serving hosting files from: public
[info] +  hosting: Local server: http://localhost:5000
[debug] [2019-02-11T07:54:25.822Z] Parsing function triggers
[info] i  functions: No HTTPS functions found. Use firebase functions:shell if you would like to emulate other types of functions.
[debug] [2019-02-14T10:17:35.773Z] ----------------------------------------------------------------------
[debug] [2019-02-14T10:17:35.777Z] Command:       C:\Program Files\nodejs\node.exe C:\Users\Lenovo\AppData\Roaming\npm\node_modules\firebase-tools\lib\bin\firebase.js serve
[debug] [2019-02-14T10:17:35.777Z] CLI Version:   6.3.0
[debug] [2019-02-14T10:17:35.777Z] Platform:      win32
[debug] [2019-02-14T10:17:35.777Z] Node Version:  v10.15.0
[debug] [2019-02-14T10:17:35.780Z] Time:          Thu Feb 14 2019 12:17:35 GMT+0200 (GMT+02:00)
[debug] [2019-02-14T10:17:35.780Z] ----------------------------------------------------------------------
[debug] 
[debug] [2019-02-14T10:17:35.812Z] > command requires scopes: ["email","openid","https://www.googleapis.com/auth/cloudplatformprojects.readonly","https://www.googleapis.com/auth/firebase","https://www.googleapis.com/auth/cloud-platform"]
[debug] [2019-02-14T10:17:35.813Z] > authorizing via signed-in user
[debug] [2019-02-14T10:17:35.813Z] [iam] checking project synthesistalyaron for permissions ["firebase.projects.get"]
[debug] [2019-02-14T10:17:35.818Z] > refreshing access token with scopes: ["email","https://www.googleapis.com/auth/cloud-platform","https://www.googleapis.com/auth/cloudplatformprojects.readonly","https://www.googleapis.com/auth/firebase","openid"]
[debug] [2019-02-14T10:17:35.818Z] >>> HTTP REQUEST POST https://www.googleapis.com/oauth2/v3/token  
 <request body omitted>
[debug] [2019-02-14T10:17:36.354Z] <<< HTTP RESPONSE 200
[debug] [2019-02-14T10:17:36.375Z] >>> HTTP REQUEST POST https://cloudresourcemanager.googleapis.com/v1/projects/synthesistalyaron:testIamPermissions  

[debug] [2019-02-14T10:17:37.484Z] <<< HTTP RESPONSE 200
[debug] [2019-02-14T10:17:37.487Z] >>> HTTP REQUEST GET https://cloudresourcemanager.googleapis.com/v1/projects/synthesistalyaron  
 
[debug] [2019-02-14T10:17:38.453Z] <<< HTTP RESPONSE 200
[info] 
[info] === Serving from 'C:\Users\Lenovo\Documents\delib\delib\delib-v3'...
[info] 
[info] i  functions: Preparing to emulate functions.
[debug] [2019-02-14T10:17:40.083Z] Fetching environment
[debug] [2019-02-14T10:17:40.088Z] >>> HTTP REQUEST GET https://mobilesdk-pa.googleapis.com/v1/projects/799655218679:getServerAppConfig  
 
[debug] [2019-02-14T10:17:40.089Z] >>> HTTP REQUEST GET https://mobilesdk-pa.googleapis.com/v1/projects/799655218679/clients/_:getWebAppConfig  
 
[debug] [2019-02-14T10:17:40.778Z] <<< HTTP RESPONSE 200
[debug] [2019-02-14T10:17:40.779Z] Starting @google-cloud/functions-emulator
[debug] [2019-02-14T10:17:43.882Z] Parsing function triggers
[debug] [2019-02-14T10:17:43.930Z] <<< HTTP RESPONSE 200
[info] i  hosting: Serving hosting files from: public
[info] +  hosting: Local server: http://localhost:5000
[info] i  functions: No HTTPS functions found. Use firebase functions:shell if you would like to emulate other types of functions.
